<?xml version="1.0" encoding="UTF-8"?>
<testsuite xmlns:xsi="http://www.w3.org/2001/XMLSchema-instance" xsi:noNamespaceSchemaLocation="https://maven.apache.org/surefire/maven-surefire-plugin/xsd/surefire-test-report-3.0.xsd" version="3.0" name="io.bootify.platform_for_all_back.service.UserServiceTest" time="0.13" tests="9" errors="0" skipped="0" failures="0">
  <properties>
[...]
</properties>
  <testcase name="testGetUserNotFound" classname="io.bootify.platform_for_all_back.service.UserServiceTest" time="0.078"/>
  <testcase name="testUpdateUserNotFound" classname="io.bootify.platform_for_all_back.service.UserServiceTest" time="0.007"/>
  <testcase name="testGet" classname="io.bootify.platform_for_all_back.service.UserServiceTest" time="0.003"/>
  <testcase name="testFindAll" classname="io.bootify.platform_for_all_back.service.UserServiceTest" time="0.006"/>
  <testcase name="testIdUserDoesNotExist" classname="io.bootify.platform_for_all_back.service.UserServiceTest" time="0.005"/>
  <testcase name="testCreate" classname="io.bootify.platform_for_all_back.service.UserServiceTest" time="0.004"/>
  <testcase name="testDelete" classname="io.bootify.platform_for_all_back.service.UserServiceTest" time="0.005"/>
  <testcase name="testIdUserExists" classname="io.bootify.platform_for_all_back.service.UserServiceTest" time="0.006"/>
  <testcase name="testUpdate" classname="io.bootify.platform_for_all_back.service.UserServiceTest" time="0.004"/>
</testsuite>